mode: set
github.com/vvvakho/feezy/billing/service/temporal/client.go:16.50,19.16 2 1
github.com/vvvakho/feezy/billing/service/temporal/client.go:19.16,21.3 1 1
github.com/vvvakho/feezy/billing/service/temporal/client.go:22.2,22.15 1 1
github.com/vvvakho/feezy/billing/service/temporal/client.go:25.67,27.16 2 1
github.com/vvvakho/feezy/billing/service/temporal/client.go:27.16,29.3 1 1
github.com/vvvakho/feezy/billing/service/temporal/client.go:30.2,30.86 1 1
github.com/vvvakho/feezy/billing/service/temporal/client.go:30.86,32.3 1 1
github.com/vvvakho/feezy/billing/service/temporal/client.go:33.2,33.12 1 1
github.com/vvvakho/feezy/billing/service/temporal/client.go:36.92,39.16 2 0
github.com/vvvakho/feezy/billing/service/temporal/client.go:39.16,41.3 1 0
github.com/vvvakho/feezy/billing/service/temporal/client.go:42.2,43.16 2 0
github.com/vvvakho/feezy/billing/service/temporal/client.go:43.16,45.3 1 0
github.com/vvvakho/feezy/billing/service/temporal/client.go:47.2,47.12 1 0
github.com/vvvakho/feezy/billing/service/temporal/client.go:50.88,56.16 2 0
github.com/vvvakho/feezy/billing/service/temporal/client.go:56.16,58.3 1 0
github.com/vvvakho/feezy/billing/service/temporal/client.go:60.2,60.12 1 0
github.com/vvvakho/feezy/billing/service/temporal/client.go:63.101,65.16 2 0
github.com/vvvakho/feezy/billing/service/temporal/client.go:65.16,67.3 1 0
github.com/vvvakho/feezy/billing/service/temporal/client.go:69.2,69.12 1 0
github.com/vvvakho/feezy/billing/service/temporal/client.go:72.104,74.16 2 0
github.com/vvvakho/feezy/billing/service/temporal/client.go:74.16,76.3 1 0
github.com/vvvakho/feezy/billing/service/temporal/client.go:78.2,78.12 1 0
github.com/vvvakho/feezy/billing/service/temporal/client.go:81.113,83.16 2 0
github.com/vvvakho/feezy/billing/service/temporal/client.go:83.16,85.3 1 0
github.com/vvvakho/feezy/billing/service/temporal/client.go:87.2,87.12 1 0
github.com/vvvakho/feezy/billing/service/temporal/client.go:90.129,97.16 2 0
github.com/vvvakho/feezy/billing/service/temporal/client.go:97.16,99.3 1 0
github.com/vvvakho/feezy/billing/service/temporal/client.go:101.2,103.16 3 0
github.com/vvvakho/feezy/billing/service/temporal/client.go:103.16,105.3 1 0
github.com/vvvakho/feezy/billing/service/temporal/client.go:107.2,107.65 1 0
github.com/vvvakho/feezy/billing/service/temporal/client.go:107.65,109.3 1 0
github.com/vvvakho/feezy/billing/service/temporal/client.go:111.2,111.24 1 0
github.com/vvvakho/feezy/billing/service/temporal/client.go:114.117,116.16 2 0
github.com/vvvakho/feezy/billing/service/temporal/client.go:116.16,118.3 1 0
github.com/vvvakho/feezy/billing/service/temporal/client.go:120.2,120.12 1 0
github.com/vvvakho/feezy/billing/service/domain/domain.go:53.61,54.49 1 1
github.com/vvvakho/feezy/billing/service/domain/domain.go:54.49,56.3 1 1
github.com/vvvakho/feezy/billing/service/domain/domain.go:58.2,59.16 2 1
github.com/vvvakho/feezy/billing/service/domain/domain.go:59.16,61.3 1 0
github.com/vvvakho/feezy/billing/service/domain/domain.go:63.2,64.16 2 1
github.com/vvvakho/feezy/billing/service/domain/domain.go:64.16,66.3 1 1
github.com/vvvakho/feezy/billing/service/domain/domain.go:68.2,76.8 1 1
github.com/vvvakho/feezy/billing/service/domain/domain.go:79.46,81.9 2 1
github.com/vvvakho/feezy/billing/service/domain/domain.go:81.9,83.3 1 1
github.com/vvvakho/feezy/billing/service/domain/domain.go:84.2,84.18 1 1
github.com/vvvakho/feezy/billing/service/domain/domain.go:87.91,88.32 1 1
github.com/vvvakho/feezy/billing/service/domain/domain.go:88.32,90.3 1 1
github.com/vvvakho/feezy/billing/service/domain/domain.go:93.2,95.30 3 1
github.com/vvvakho/feezy/billing/service/domain/domain.go:95.30,97.3 1 1
github.com/vvvakho/feezy/billing/service/domain/domain.go:100.2,101.29 2 1
github.com/vvvakho/feezy/billing/service/domain/domain.go:104.50,105.28 1 1
github.com/vvvakho/feezy/billing/service/domain/domain.go:105.28,107.3 1 1
github.com/vvvakho/feezy/billing/service/domain/domain.go:109.2,109.37 1 1
github.com/vvvakho/feezy/billing/service/domain/domain.go:109.37,110.36 1 0
github.com/vvvakho/feezy/billing/service/domain/domain.go:110.36,111.57 1 0
github.com/vvvakho/feezy/billing/service/domain/domain.go:111.57,113.5 1 0
github.com/vvvakho/feezy/billing/service/domain/domain.go:115.4,116.29 2 0
github.com/vvvakho/feezy/billing/service/domain/domain.go:119.2,121.27 2 1
github.com/vvvakho/feezy/billing/service/domain/domain.go:124.56,127.37 2 1
github.com/vvvakho/feezy/billing/service/domain/domain.go:127.37,128.39 1 1
github.com/vvvakho/feezy/billing/service/domain/domain.go:128.39,130.60 2 1
github.com/vvvakho/feezy/billing/service/domain/domain.go:130.60,132.5 1 0
github.com/vvvakho/feezy/billing/service/domain/domain.go:134.4,135.32 2 1
github.com/vvvakho/feezy/billing/service/domain/domain.go:135.32,137.5 1 1
github.com/vvvakho/feezy/billing/service/domain/domain.go:138.4,138.9 1 1
github.com/vvvakho/feezy/billing/service/domain/domain.go:142.2,142.12 1 1
github.com/vvvakho/feezy/billing/service/domain/domain.go:142.12,144.3 1 1
github.com/vvvakho/feezy/billing/service/domain/domain.go:146.2,146.27 1 1
github.com/vvvakho/feezy/billing/service/domain/domain.go:149.39,151.28 2 1
github.com/vvvakho/feezy/billing/service/domain/domain.go:151.28,157.17 5 1
github.com/vvvakho/feezy/billing/service/domain/domain.go:157.17,159.4 1 0
github.com/vvvakho/feezy/billing/service/domain/domain.go:161.3,161.45 1 1
github.com/vvvakho/feezy/billing/service/domain/domain.go:163.2,165.12 2 1
github.com/vvvakho/feezy/billing/service/db.go:22.88,40.16 5 0
github.com/vvvakho/feezy/billing/service/db.go:40.16,41.27 1 0
github.com/vvvakho/feezy/billing/service/db.go:41.27,43.4 1 0
github.com/vvvakho/feezy/billing/service/db.go:44.3,44.63 1 0
github.com/vvvakho/feezy/billing/service/db.go:47.2,47.19 1 0
github.com/vvvakho/feezy/billing/service/db.go:50.90,70.16 5 0
github.com/vvvakho/feezy/billing/service/db.go:70.16,71.27 1 0
github.com/vvvakho/feezy/billing/service/db.go:71.27,73.4 1 0
github.com/vvvakho/feezy/billing/service/db.go:74.3,74.65 1 0
github.com/vvvakho/feezy/billing/service/db.go:77.2,77.19 1 0
github.com/vvvakho/feezy/billing/service/db.go:80.100,82.18 1 0
github.com/vvvakho/feezy/billing/service/db.go:82.18,84.3 1 0
github.com/vvvakho/feezy/billing/service/db.go:87.2,92.16 2 0
github.com/vvvakho/feezy/billing/service/db.go:92.16,94.3 1 0
github.com/vvvakho/feezy/billing/service/db.go:95.2,99.18 3 0
github.com/vvvakho/feezy/billing/service/db.go:99.18,110.17 4 0
github.com/vvvakho/feezy/billing/service/db.go:110.17,112.4 1 0
github.com/vvvakho/feezy/billing/service/db.go:115.3,118.30 2 0
github.com/vvvakho/feezy/billing/service/db.go:122.2,122.35 1 0
github.com/vvvakho/feezy/billing/service/db.go:122.35,124.3 1 0
github.com/vvvakho/feezy/billing/service/db.go:126.2,126.19 1 0
github.com/vvvakho/feezy/billing/service/dto.go:24.62,26.16 2 1
github.com/vvvakho/feezy/billing/service/dto.go:26.16,28.3 1 1
github.com/vvvakho/feezy/billing/service/dto.go:29.2,30.16 2 1
github.com/vvvakho/feezy/billing/service/dto.go:30.16,32.3 1 1
github.com/vvvakho/feezy/billing/service/dto.go:33.2,33.12 1 1
github.com/vvvakho/feezy/billing/service/dto.go:61.64,63.16 2 1
github.com/vvvakho/feezy/billing/service/dto.go:63.16,65.3 1 1
github.com/vvvakho/feezy/billing/service/dto.go:67.2,67.33 1 1
github.com/vvvakho/feezy/billing/service/dto.go:67.33,69.3 1 1
github.com/vvvakho/feezy/billing/service/dto.go:71.2,71.22 1 1
github.com/vvvakho/feezy/billing/service/dto.go:71.22,73.3 1 1
github.com/vvvakho/feezy/billing/service/dto.go:75.2,76.16 2 1
github.com/vvvakho/feezy/billing/service/dto.go:76.16,78.3 1 1
github.com/vvvakho/feezy/billing/service/dto.go:80.2,80.12 1 1
github.com/vvvakho/feezy/billing/service/dto.go:94.70,96.16 2 1
github.com/vvvakho/feezy/billing/service/dto.go:96.16,98.3 1 1
github.com/vvvakho/feezy/billing/service/dto.go:100.2,100.33 1 1
github.com/vvvakho/feezy/billing/service/dto.go:100.33,102.3 1 1
github.com/vvvakho/feezy/billing/service/dto.go:104.2,104.22 1 1
github.com/vvvakho/feezy/billing/service/dto.go:104.22,106.3 1 1
github.com/vvvakho/feezy/billing/service/dto.go:107.2,107.12 1 1
github.com/vvvakho/feezy/billing/service/dto.go:119.71,121.16 2 1
github.com/vvvakho/feezy/billing/service/dto.go:121.16,123.3 1 1
github.com/vvvakho/feezy/billing/service/dto.go:125.2,125.25 1 1
github.com/vvvakho/feezy/billing/service/dto.go:125.25,127.3 1 1
github.com/vvvakho/feezy/billing/service/dto.go:129.2,129.12 1 1
github.com/vvvakho/feezy/billing/service/api.go:21.104,22.55 1 0
github.com/vvvakho/feezy/billing/service/api.go:22.55,24.3 1 0
github.com/vvvakho/feezy/billing/service/api.go:26.2,27.16 2 0
github.com/vvvakho/feezy/billing/service/api.go:27.16,29.3 1 0
github.com/vvvakho/feezy/billing/service/api.go:32.2,33.16 2 0
github.com/vvvakho/feezy/billing/service/api.go:33.16,35.3 1 0
github.com/vvvakho/feezy/billing/service/api.go:37.2,43.8 1 0
github.com/vvvakho/feezy/billing/service/api.go:51.85,54.16 2 0
github.com/vvvakho/feezy/billing/service/api.go:54.16,56.68 1 0
github.com/vvvakho/feezy/billing/service/api.go:56.68,58.4 1 0
github.com/vvvakho/feezy/billing/service/api.go:58.9,61.76 2 0
github.com/vvvakho/feezy/billing/service/api.go:61.76,63.5 1 0
github.com/vvvakho/feezy/billing/service/api.go:65.4,73.10 1 0
github.com/vvvakho/feezy/billing/service/api.go:78.2,79.16 2 0
github.com/vvvakho/feezy/billing/service/api.go:79.16,81.3 1 0
github.com/vvvakho/feezy/billing/service/api.go:83.2,84.16 2 0
github.com/vvvakho/feezy/billing/service/api.go:84.16,86.3 1 0
github.com/vvvakho/feezy/billing/service/api.go:88.2,96.8 1 0
github.com/vvvakho/feezy/billing/service/api.go:104.124,105.56 1 0
github.com/vvvakho/feezy/billing/service/api.go:105.56,107.3 1 0
github.com/vvvakho/feezy/billing/service/api.go:110.2,111.16 2 0
github.com/vvvakho/feezy/billing/service/api.go:111.16,113.3 1 0
github.com/vvvakho/feezy/billing/service/api.go:116.2,116.67 1 0
github.com/vvvakho/feezy/billing/service/api.go:116.67,118.3 1 0
github.com/vvvakho/feezy/billing/service/api.go:120.2,121.16 2 0
github.com/vvvakho/feezy/billing/service/api.go:121.16,123.3 1 0
github.com/vvvakho/feezy/billing/service/api.go:125.2,133.16 3 0
github.com/vvvakho/feezy/billing/service/api.go:133.16,135.3 1 0
github.com/vvvakho/feezy/billing/service/api.go:137.2,137.68 1 0
github.com/vvvakho/feezy/billing/service/api.go:147.135,148.59 1 0
github.com/vvvakho/feezy/billing/service/api.go:148.59,150.3 1 0
github.com/vvvakho/feezy/billing/service/api.go:153.2,154.16 2 0
github.com/vvvakho/feezy/billing/service/api.go:154.16,156.3 1 0
github.com/vvvakho/feezy/billing/service/api.go:159.2,159.67 1 0
github.com/vvvakho/feezy/billing/service/api.go:159.67,161.3 1 0
github.com/vvvakho/feezy/billing/service/api.go:163.2,164.16 2 0
github.com/vvvakho/feezy/billing/service/api.go:164.16,166.3 1 0
github.com/vvvakho/feezy/billing/service/api.go:168.2,176.16 3 0
github.com/vvvakho/feezy/billing/service/api.go:176.16,178.3 1 0
github.com/vvvakho/feezy/billing/service/api.go:180.2,180.71 1 0
github.com/vvvakho/feezy/billing/service/api.go:188.112,189.58 1 0
github.com/vvvakho/feezy/billing/service/api.go:189.58,191.3 1 0
github.com/vvvakho/feezy/billing/service/api.go:194.2,195.16 2 0
github.com/vvvakho/feezy/billing/service/api.go:195.16,197.3 1 0
github.com/vvvakho/feezy/billing/service/api.go:200.2,200.67 1 0
github.com/vvvakho/feezy/billing/service/api.go:200.67,202.3 1 0
github.com/vvvakho/feezy/billing/service/api.go:206.2,207.16 2 0
github.com/vvvakho/feezy/billing/service/api.go:207.16,209.3 1 0
github.com/vvvakho/feezy/billing/service/api.go:211.2,211.86 1 0
github.com/vvvakho/feezy/billing/service/encore.gen.go:14.89,16.16 2 0
github.com/vvvakho/feezy/billing/service/encore.gen.go:16.16,18.3 1 0
github.com/vvvakho/feezy/billing/service/encore.gen.go:19.2,19.31 1 0
github.com/vvvakho/feezy/billing/service/encore.gen.go:25.72,27.16 2 0
github.com/vvvakho/feezy/billing/service/encore.gen.go:27.16,29.3 1 0
github.com/vvvakho/feezy/billing/service/encore.gen.go:30.2,30.29 1 0
github.com/vvvakho/feezy/billing/service/encore.gen.go:36.109,38.16 2 0
github.com/vvvakho/feezy/billing/service/encore.gen.go:38.16,40.3 1 0
github.com/vvvakho/feezy/billing/service/encore.gen.go:41.2,41.42 1 0
github.com/vvvakho/feezy/billing/service/encore.gen.go:47.120,49.16 2 0
github.com/vvvakho/feezy/billing/service/encore.gen.go:49.16,51.3 1 0
github.com/vvvakho/feezy/billing/service/encore.gen.go:52.2,52.47 1 0
github.com/vvvakho/feezy/billing/service/encore.gen.go:58.97,60.16 2 0
github.com/vvvakho/feezy/billing/service/encore.gen.go:60.16,62.3 1 0
github.com/vvvakho/feezy/billing/service/encore.gen.go:63.2,63.34 1 0
github.com/vvvakho/feezy/billing/service/service.go:24.38,26.16 2 0
github.com/vvvakho/feezy/billing/service/service.go:26.16,28.3 1 0
github.com/vvvakho/feezy/billing/service/service.go:30.2,35.8 2 0
github.com/vvvakho/feezy/billing/service/service.go:38.51,40.2 1 0
github.com/vvvakho/feezy/notification/service.go:7.38,9.2 1 0
github.com/vvvakho/feezy/billing/worker/worker.go:13.13,16.16 2 0
github.com/vvvakho/feezy/billing/worker/worker.go:16.16,18.3 1 0
github.com/vvvakho/feezy/billing/worker/worker.go:22.2,23.16 2 0
github.com/vvvakho/feezy/billing/worker/worker.go:23.16,25.3 1 0
github.com/vvvakho/feezy/billing/worker/worker.go:26.2,57.9 16 0
github.com/vvvakho/feezy/billing/worker/worker.go:61.51,63.52 2 0
github.com/vvvakho/feezy/billing/worker/worker.go:63.52,65.3 1 0
github.com/vvvakho/feezy/payments/encore.gen.go:12.80,14.16 2 0
github.com/vvvakho/feezy/payments/encore.gen.go:14.16,16.3 1 0
github.com/vvvakho/feezy/payments/encore.gen.go:17.2,17.28 1 0
github.com/vvvakho/feezy/payments/service.go:22.38,24.2 1 0
github.com/vvvakho/feezy/payments/service.go:43.95,47.16 2 0
github.com/vvvakho/feezy/payments/service.go:47.16,49.3 1 0
github.com/vvvakho/feezy/payments/service.go:52.2,52.37 1 0
github.com/vvvakho/feezy/payments/service.go:52.37,57.3 1 0
github.com/vvvakho/feezy/payments/service.go:60.2,67.16 4 0
github.com/vvvakho/feezy/payments/service.go:67.16,69.3 1 0
github.com/vvvakho/feezy/payments/service.go:71.2,71.69 1 0
github.com/vvvakho/feezy/billing/workflows/activity.go:37.103,39.2 1 0
github.com/vvvakho/feezy/billing/workflows/activity.go:41.105,43.2 1 0
github.com/vvvakho/feezy/billing/workflows/activity.go:49.97,51.16 2 0
github.com/vvvakho/feezy/billing/workflows/activity.go:51.16,53.3 1 0
github.com/vvvakho/feezy/billing/workflows/activity.go:55.2,73.16 2 0
github.com/vvvakho/feezy/billing/workflows/activity.go:73.16,75.28 2 0
github.com/vvvakho/feezy/billing/workflows/activity.go:75.28,78.4 1 0
github.com/vvvakho/feezy/billing/workflows/activity.go:79.3,79.60 1 0
github.com/vvvakho/feezy/billing/workflows/activity.go:82.2,82.36 1 0
github.com/vvvakho/feezy/billing/workflows/activity.go:82.36,85.3 2 0
github.com/vvvakho/feezy/billing/workflows/activity.go:87.2,87.12 1 0
github.com/vvvakho/feezy/billing/workflows/activity.go:90.99,92.22 1 0
github.com/vvvakho/feezy/billing/workflows/activity.go:92.22,94.3 1 0
github.com/vvvakho/feezy/billing/workflows/activity.go:96.2,97.16 2 0
github.com/vvvakho/feezy/billing/workflows/activity.go:97.16,99.3 1 0
github.com/vvvakho/feezy/billing/workflows/activity.go:100.2,124.16 3 0
github.com/vvvakho/feezy/billing/workflows/activity.go:124.16,125.28 1 0
github.com/vvvakho/feezy/billing/workflows/activity.go:125.28,128.4 1 0
github.com/vvvakho/feezy/billing/workflows/activity.go:129.3,129.60 1 0
github.com/vvvakho/feezy/billing/workflows/activity.go:132.2,133.16 2 0
github.com/vvvakho/feezy/billing/workflows/activity.go:133.16,135.3 1 0
github.com/vvvakho/feezy/billing/workflows/activity.go:138.2,138.23 1 0
github.com/vvvakho/feezy/billing/workflows/activity.go:138.23,141.17 3 0
github.com/vvvakho/feezy/billing/workflows/activity.go:141.17,143.4 1 0
github.com/vvvakho/feezy/billing/workflows/activity.go:145.3,145.38 1 0
github.com/vvvakho/feezy/billing/workflows/activity.go:145.38,148.4 1 0
github.com/vvvakho/feezy/billing/workflows/activity.go:148.9,155.4 1 0
github.com/vvvakho/feezy/billing/workflows/activity.go:159.2,159.34 1 0
github.com/vvvakho/feezy/billing/workflows/activity.go:159.34,177.17 2 0
github.com/vvvakho/feezy/billing/workflows/activity.go:177.17,179.4 1 0
github.com/vvvakho/feezy/billing/workflows/activity.go:183.2,184.16 2 0
github.com/vvvakho/feezy/billing/workflows/activity.go:184.16,186.3 1 0
github.com/vvvakho/feezy/billing/workflows/activity.go:189.2,189.36 1 0
github.com/vvvakho/feezy/billing/workflows/activity.go:189.36,191.3 1 0
github.com/vvvakho/feezy/billing/workflows/activity.go:193.2,193.12 1 0
github.com/vvvakho/feezy/billing/workflows/activity.go:196.39,197.16 1 0
github.com/vvvakho/feezy/billing/workflows/activity.go:197.16,199.3 1 0
github.com/vvvakho/feezy/billing/workflows/activity.go:200.2,201.56 2 0
github.com/vvvakho/feezy/billing/workflows/signals.go:61.3,64.79 1 1
github.com/vvvakho/feezy/billing/workflows/signals.go:64.79,65.63 1 1
github.com/vvvakho/feezy/billing/workflows/signals.go:65.63,67.4 1 1
github.com/vvvakho/feezy/billing/workflows/signals.go:71.2,71.82 1 1
github.com/vvvakho/feezy/billing/workflows/signals.go:71.82,72.66 1 1
github.com/vvvakho/feezy/billing/workflows/signals.go:72.66,74.4 1 1
github.com/vvvakho/feezy/billing/workflows/signals.go:78.2,78.77 1 1
github.com/vvvakho/feezy/billing/workflows/signals.go:78.77,79.69 1 1
github.com/vvvakho/feezy/billing/workflows/signals.go:79.69,81.4 1 0
github.com/vvvakho/feezy/billing/workflows/signals.go:85.2,85.81 1 1
github.com/vvvakho/feezy/billing/workflows/signals.go:85.81,86.73 1 0
github.com/vvvakho/feezy/billing/workflows/signals.go:86.73,88.4 1 0
github.com/vvvakho/feezy/billing/workflows/signals.go:92.104,93.36 1 1
github.com/vvvakho/feezy/billing/workflows/signals.go:93.36,95.3 1 0
github.com/vvvakho/feezy/billing/workflows/signals.go:97.2,101.51 4 1
github.com/vvvakho/feezy/billing/workflows/signals.go:101.51,103.3 1 1
github.com/vvvakho/feezy/billing/workflows/signals.go:105.2,105.46 1 1
github.com/vvvakho/feezy/billing/workflows/signals.go:105.46,107.3 1 0
github.com/vvvakho/feezy/billing/workflows/signals.go:109.2,111.12 2 1
github.com/vvvakho/feezy/billing/workflows/signals.go:114.107,115.36 1 1
github.com/vvvakho/feezy/billing/workflows/signals.go:115.36,117.3 1 0
github.com/vvvakho/feezy/billing/workflows/signals.go:119.2,123.54 4 1
github.com/vvvakho/feezy/billing/workflows/signals.go:123.54,125.3 1 1
github.com/vvvakho/feezy/billing/workflows/signals.go:127.2,129.12 2 1
github.com/vvvakho/feezy/billing/workflows/signals.go:132.121,133.6 1 1
github.com/vvvakho/feezy/billing/workflows/signals.go:133.6,135.39 1 1
github.com/vvvakho/feezy/billing/workflows/signals.go:135.39,138.4 2 0
github.com/vvvakho/feezy/billing/workflows/signals.go:140.3,146.47 5 1
github.com/vvvakho/feezy/billing/workflows/signals.go:146.47,150.4 3 0
github.com/vvvakho/feezy/billing/workflows/signals.go:153.3,167.17 5 1
github.com/vvvakho/feezy/billing/workflows/signals.go:167.17,169.31 2 0
github.com/vvvakho/feezy/billing/workflows/signals.go:169.31,170.49 1 0
github.com/vvvakho/feezy/billing/workflows/signals.go:170.49,173.6 2 0
github.com/vvvakho/feezy/billing/workflows/signals.go:173.11,173.49 1 0
github.com/vvvakho/feezy/billing/workflows/signals.go:173.49,177.6 3 0
github.com/vvvakho/feezy/billing/workflows/signals.go:179.4,180.14 2 0
github.com/vvvakho/feezy/billing/workflows/signals.go:184.3,187.8 3 1
github.com/vvvakho/feezy/billing/workflows/signals.go:190.2,190.12 1 1
github.com/vvvakho/feezy/billing/workflows/signals.go:193.94,194.126 1 1
github.com/vvvakho/feezy/billing/workflows/signals.go:194.126,195.39 1 0
github.com/vvvakho/feezy/billing/workflows/signals.go:195.39,198.4 2 0
github.com/vvvakho/feezy/billing/workflows/signals.go:200.3,203.47 3 0
github.com/vvvakho/feezy/billing/workflows/signals.go:203.47,207.4 3 0
github.com/vvvakho/feezy/billing/workflows/signals.go:209.3,222.17 5 0
github.com/vvvakho/feezy/billing/workflows/signals.go:222.17,224.31 2 0
github.com/vvvakho/feezy/billing/workflows/signals.go:224.31,225.49 1 0
github.com/vvvakho/feezy/billing/workflows/signals.go:225.49,228.6 2 0
github.com/vvvakho/feezy/billing/workflows/signals.go:228.11,228.49 1 0
github.com/vvvakho/feezy/billing/workflows/signals.go:228.49,232.6 3 0
github.com/vvvakho/feezy/billing/workflows/signals.go:234.4,235.30 2 0
github.com/vvvakho/feezy/billing/workflows/signals.go:238.3,240.19 3 0
github.com/vvvakho/feezy/billing/workflows/signals.go:242.2,242.12 1 1
github.com/vvvakho/feezy/billing/workflows/signals.go:245.125,252.2 5 0
github.com/vvvakho/feezy/billing/workflows/workflow.go:13.82,16.16 2 1
github.com/vvvakho/feezy/billing/workflows/workflow.go:16.16,18.3 1 0
github.com/vvvakho/feezy/billing/workflows/workflow.go:21.2,23.16 3 1
github.com/vvvakho/feezy/billing/workflows/workflow.go:23.16,25.3 1 0
github.com/vvvakho/feezy/billing/workflows/workflow.go:28.2,28.6 1 1
github.com/vvvakho/feezy/billing/workflows/workflow.go:28.6,30.39 1 1
github.com/vvvakho/feezy/billing/workflows/workflow.go:30.39,32.9 2 1
github.com/vvvakho/feezy/billing/workflows/workflow.go:35.3,35.23 1 1
github.com/vvvakho/feezy/billing/workflows/workflow.go:38.2,38.18 1 1
github.com/vvvakho/feezy/billing/workflows/workflow.go:41.117,48.94 4 1
github.com/vvvakho/feezy/billing/workflows/workflow.go:48.94,50.3 1 1
github.com/vvvakho/feezy/billing/workflows/workflow.go:50.17,52.3 1 0
github.com/vvvakho/feezy/billing/workflows/workflow.go:55.2,59.16 3 1
github.com/vvvakho/feezy/billing/workflows/workflow.go:59.16,61.3 1 0
github.com/vvvakho/feezy/billing/workflows/workflow.go:64.2,82.35 7 1
